<?xml version="1.0" encoding="UTF-8"?>
<testsuite name="hello.test.TestApplicationTests" tests="1" skipped="0" failures="0" errors="0" timestamp="2023-12-13T12:33:16" hostname="Eunjinui-MacBookAir.local" time="0.38">
  <properties/>
  <testcase name="contextLoads()" classname="hello.test.TestApplicationTests" time="0.38"/>
  <system-out><![CDATA[21:33:16.226 [Test worker] INFO org.springframework.test.context.support.AnnotationConfigContextLoaderUtils -- Could not detect default configuration classes for test class [hello.test.TestApplicationTests]: TestApplicationTests does not declare any static, non-private, non-final, nested classes annotated with @Configuration.
21:33:16.259 [Test worker] INFO org.springframework.boot.test.context.SpringBootTestContextBootstrapper -- Found @SpringBootConfiguration hello.test.TestApplication for test class hello.test.TestApplicationTests

  .   ____          _            __ _ _
 /\\ / ___'_ __ _ _(_)_ __  __ _ \ \ \ \
( ( )\___ | '_ | '_| | '_ \/ _` | \ \ \ \
 \\/  ___)| |_)| | | | | || (_| |  ) ) ) )
  '  |____| .__|_| |_|_| |_\__, | / / / /
 =========|_|==============|___/=/_/_/_/
 :: Spring Boot ::                (v3.2.0)

2023-12-13T21:33:16.380+09:00  INFO 41346 --- [    Test worker] hello.test.TestApplicationTests          : Starting TestApplicationTests using Java 17.0.7 with PID 41346 (started by jennyeunjin in /Users/jennyeunjin/gitWork/cicd_study)
2023-12-13T21:33:16.381+09:00  INFO 41346 --- [    Test worker] hello.test.TestApplicationTests          : No active profile set, falling back to 1 default profile: "default"
2023-12-13T21:33:16.716+09:00  INFO 41346 --- [    Test worker] hello.test.TestApplicationTests          : Started TestApplicationTests in 0.41 seconds (process running for 0.819)
]]></system-out>
  <system-err><![CDATA[]]></system-err>
</testsuite>
